<?xml version="1.0" encoding="UTF-8"?>
<testsuite xmlns:xsi="http://www.w3.org/2001/XMLSchema-instance" xsi:noNamespaceSchemaLocation="https://maven.apache.org/surefire/maven-surefire-plugin/xsd/surefire-test-report-3.0.xsd" version="3.0" name="TestSuite" time="33.808" tests="1" errors="0" skipped="0" failures="0">
  <properties>
    <property name="gopherProxySet" value="false"/>
    <property name="awt.toolkit" value="sun.lwawt.macosx.LWCToolkit"/>
    <property name="file.encoding.pkg" value="sun.io"/>
    <property name="java.specification.version" value="1.8"/>
    <property name="webdriver.chrome.driver" value="Driver/chromedriver 5"/>
    <property name="sun.cpu.isalist" value=""/>
    <property name="sun.jnu.encoding" value="UTF-8"/>
    <property name="java.class.path" value="/Users/manojpadhan/SeleniumAutomation/CucumberTest/target/test-classes:/Users/manojpadhan/SeleniumAutomation/CucumberTest/target/classes:/Users/manojpadhan/.m2/repository/io/cucumber/cucumber-java/6.8.2/cucumber-java-6.8.2.jar:/Users/manojpadhan/.m2/repository/io/cucumber/cucumber-core/6.8.2/cucumber-core-6.8.2.jar:/Users/manojpadhan/.m2/repository/io/cucumber/cucumber-gherkin/6.8.2/cucumber-gherkin-6.8.2.jar:/Users/manojpadhan/.m2/repository/io/cucumber/cucumber-gherkin-messages/6.8.2/cucumber-gherkin-messages-6.8.2.jar:/Users/manojpadhan/.m2/repository/io/cucumber/messages/13.1.0/messages-13.1.0.jar:/Users/manojpadhan/.m2/repository/io/cucumber/tag-expressions/3.0.0/tag-expressions-3.0.0.jar:/Users/manojpadhan/.m2/repository/io/cucumber/cucumber-expressions/10.3.0/cucumber-expressions-10.3.0.jar:/Users/manojpadhan/.m2/repository/io/cucumber/datatable/3.5.0/datatable-3.5.0.jar:/Users/manojpadhan/.m2/repository/io/cucumber/cucumber-plugin/6.8.2/cucumber-plugin-6.8.2.jar:/Users/manojpadhan/.m2/repository/io/cucumber/docstring/6.8.2/docstring-6.8.2.jar:/Users/manojpadhan/.m2/repository/io/cucumber/html-formatter/9.0.0/html-formatter-9.0.0.jar:/Users/manojpadhan/.m2/repository/io/cucumber/create-meta/2.0.4/create-meta-2.0.4.jar:/Users/manojpadhan/.m2/repository/org/apiguardian/apiguardian-api/1.1.0/apiguardian-api-1.1.0.jar:/Users/manojpadhan/.m2/repository/commons-codec/commons-codec/1.10/commons-codec-1.10.jar:/Users/manojpadhan/.m2/repository/com/google/zxing/javase/3.2.1/javase-3.2.1.jar:/Users/manojpadhan/.m2/repository/com/google/zxing/core/3.2.1/core-3.2.1.jar:/Users/manojpadhan/.m2/repository/com/beust/jcommander/1.48/jcommander-1.48.jar:/Users/manojpadhan/.m2/repository/io/cucumber/cucumber-picocontainer/6.8.2/cucumber-picocontainer-6.8.2.jar:/Users/manojpadhan/.m2/repository/org/picocontainer/picocontainer/2.15/picocontainer-2.15.jar:/Users/manojpadhan/.m2/repository/io/cucumber/cucumber-testng/6.8.2/cucumber-testng-6.8.2.jar:/Users/manojpadhan/.m2/repository/org/testng/testng/7.1.0/testng-7.1.0.jar:/Users/manojpadhan/.m2/repository/com/google/inject/guice/4.1.0/guice-4.1.0-no_aop.jar:/Users/manojpadhan/.m2/repository/javax/inject/javax.inject/1/javax.inject-1.jar:/Users/manojpadhan/.m2/repository/aopalliance/aopalliance/1.0/aopalliance-1.0.jar:/Users/manojpadhan/.m2/repository/org/yaml/snakeyaml/1.21/snakeyaml-1.21.jar:/Users/manojpadhan/.m2/repository/org/seleniumhq/selenium/selenium-java/3.141.59/selenium-java-3.141.59.jar:/Users/manojpadhan/.m2/repository/org/seleniumhq/selenium/selenium-api/3.141.59/selenium-api-3.141.59.jar:/Users/manojpadhan/.m2/repository/org/seleniumhq/selenium/selenium-chrome-driver/3.141.59/selenium-chrome-driver-3.141.59.jar:/Users/manojpadhan/.m2/repository/org/seleniumhq/selenium/selenium-edge-driver/3.141.59/selenium-edge-driver-3.141.59.jar:/Users/manojpadhan/.m2/repository/org/seleniumhq/selenium/selenium-firefox-driver/3.141.59/selenium-firefox-driver-3.141.59.jar:/Users/manojpadhan/.m2/repository/org/seleniumhq/selenium/selenium-ie-driver/3.141.59/selenium-ie-driver-3.141.59.jar:/Users/manojpadhan/.m2/repository/org/seleniumhq/selenium/selenium-opera-driver/3.141.59/selenium-opera-driver-3.141.59.jar:/Users/manojpadhan/.m2/repository/org/seleniumhq/selenium/selenium-remote-driver/3.141.59/selenium-remote-driver-3.141.59.jar:/Users/manojpadhan/.m2/repository/org/seleniumhq/selenium/selenium-safari-driver/3.141.59/selenium-safari-driver-3.141.59.jar:/Users/manojpadhan/.m2/repository/org/seleniumhq/selenium/selenium-support/3.141.59/selenium-support-3.141.59.jar:/Users/manojpadhan/.m2/repository/net/bytebuddy/byte-buddy/1.8.15/byte-buddy-1.8.15.jar:/Users/manojpadhan/.m2/repository/org/apache/commons/commons-exec/1.3/commons-exec-1.3.jar:/Users/manojpadhan/.m2/repository/com/google/guava/guava/25.0-jre/guava-25.0-jre.jar:/Users/manojpadhan/.m2/repository/com/google/code/findbugs/jsr305/1.3.9/jsr305-1.3.9.jar:/Users/manojpadhan/.m2/repository/org/checkerframework/checker-compat-qual/2.0.0/checker-compat-qual-2.0.0.jar:/Users/manojpadhan/.m2/repository/com/google/errorprone/error_prone_annotations/2.1.3/error_prone_annotations-2.1.3.jar:/Users/manojpadhan/.m2/repository/com/google/j2objc/j2objc-annotations/1.1/j2objc-annotations-1.1.jar:/Users/manojpadhan/.m2/repository/org/codehaus/mojo/animal-sniffer-annotations/1.14/animal-sniffer-annotations-1.14.jar:/Users/manojpadhan/.m2/repository/com/squareup/okhttp3/okhttp/3.11.0/okhttp-3.11.0.jar:/Users/manojpadhan/.m2/repository/com/squareup/okio/okio/1.14.0/okio-1.14.0.jar:/Users/manojpadhan/.m2/repository/com/aventstack/extentreports/5.0.4/extentreports-5.0.4.jar:/Users/manojpadhan/.m2/repository/io/reactivex/rxjava3/rxjava/3.0.4/rxjava-3.0.4.jar:/Users/manojpadhan/.m2/repository/org/reactivestreams/reactive-streams/1.0.3/reactive-streams-1.0.3.jar:/Users/manojpadhan/.m2/repository/org/freemarker/freemarker/2.3.30/freemarker-2.3.30.jar:/Users/manojpadhan/.m2/repository/org/projectlombok/lombok/1.18.12/lombok-1.18.12.jar:/Users/manojpadhan/.m2/repository/com/google/code/gson/gson/2.8.6/gson-2.8.6.jar:"/>
    <property name="java.vm.vendor" value="AdoptOpenJDK"/>
    <property name="Cucumber.options" value="/Users/manojpadhan/SeleniumAutomation/CucumberTest/src/test/resources/anz/Details.feature"/>
    <property name="sun.arch.data.model" value="64"/>
    <property name="java.vendor.url" value="http://java.oracle.com/"/>
    <property name="user.timezone" value="Asia/Kolkata"/>
    <property name="java.vm.specification.version" value="1.8"/>
    <property name="os.name" value="Mac OS X"/>
    <property name="user.country" value="IN"/>
    <property name="sun.java.launcher" value="SUN_STANDARD"/>
    <property name="sun.boot.library.path" value="/Library/Java/JavaVirtualMachines/adoptopenjdk-8.jdk/Contents/Home/jre/lib"/>
    <property name="sun.java.command" value="/Users/manojpadhan/SeleniumAutomation/CucumberTest/target/surefire/surefirebooter1827825265906766488.jar /Users/manojpadhan/SeleniumAutomation/CucumberTest/target/surefire 2022-01-25T10-26-28_696-jvmRun1 surefire1592053249149740026tmp surefire_01998892023423413600tmp"/>
    <property name="surefire.test.class.path" value="/Users/manojpadhan/SeleniumAutomation/CucumberTest/target/test-classes:/Users/manojpadhan/SeleniumAutomation/CucumberTest/target/classes:/Users/manojpadhan/.m2/repository/io/cucumber/cucumber-java/6.8.2/cucumber-java-6.8.2.jar:/Users/manojpadhan/.m2/repository/io/cucumber/cucumber-core/6.8.2/cucumber-core-6.8.2.jar:/Users/manojpadhan/.m2/repository/io/cucumber/cucumber-gherkin/6.8.2/cucumber-gherkin-6.8.2.jar:/Users/manojpadhan/.m2/repository/io/cucumber/cucumber-gherkin-messages/6.8.2/cucumber-gherkin-messages-6.8.2.jar:/Users/manojpadhan/.m2/repository/io/cucumber/messages/13.1.0/messages-13.1.0.jar:/Users/manojpadhan/.m2/repository/io/cucumber/tag-expressions/3.0.0/tag-expressions-3.0.0.jar:/Users/manojpadhan/.m2/repository/io/cucumber/cucumber-expressions/10.3.0/cucumber-expressions-10.3.0.jar:/Users/manojpadhan/.m2/repository/io/cucumber/datatable/3.5.0/datatable-3.5.0.jar:/Users/manojpadhan/.m2/repository/io/cucumber/cucumber-plugin/6.8.2/cucumber-plugin-6.8.2.jar:/Users/manojpadhan/.m2/repository/io/cucumber/docstring/6.8.2/docstring-6.8.2.jar:/Users/manojpadhan/.m2/repository/io/cucumber/html-formatter/9.0.0/html-formatter-9.0.0.jar:/Users/manojpadhan/.m2/repository/io/cucumber/create-meta/2.0.4/create-meta-2.0.4.jar:/Users/manojpadhan/.m2/repository/org/apiguardian/apiguardian-api/1.1.0/apiguardian-api-1.1.0.jar:/Users/manojpadhan/.m2/repository/commons-codec/commons-codec/1.10/commons-codec-1.10.jar:/Users/manojpadhan/.m2/repository/com/google/zxing/javase/3.2.1/javase-3.2.1.jar:/Users/manojpadhan/.m2/repository/com/google/zxing/core/3.2.1/core-3.2.1.jar:/Users/manojpadhan/.m2/repository/com/beust/jcommander/1.48/jcommander-1.48.jar:/Users/manojpadhan/.m2/repository/io/cucumber/cucumber-picocontainer/6.8.2/cucumber-picocontainer-6.8.2.jar:/Users/manojpadhan/.m2/repository/org/picocontainer/picocontainer/2.15/picocontainer-2.15.jar:/Users/manojpadhan/.m2/repository/io/cucumber/cucumber-testng/6.8.2/cucumber-testng-6.8.2.jar:/Users/manojpadhan/.m2/repository/org/testng/testng/7.1.0/testng-7.1.0.jar:/Users/manojpadhan/.m2/repository/com/google/inject/guice/4.1.0/guice-4.1.0-no_aop.jar:/Users/manojpadhan/.m2/repository/javax/inject/javax.inject/1/javax.inject-1.jar:/Users/manojpadhan/.m2/repository/aopalliance/aopalliance/1.0/aopalliance-1.0.jar:/Users/manojpadhan/.m2/repository/org/yaml/snakeyaml/1.21/snakeyaml-1.21.jar:/Users/manojpadhan/.m2/repository/org/seleniumhq/selenium/selenium-java/3.141.59/selenium-java-3.141.59.jar:/Users/manojpadhan/.m2/repository/org/seleniumhq/selenium/selenium-api/3.141.59/selenium-api-3.141.59.jar:/Users/manojpadhan/.m2/repository/org/seleniumhq/selenium/selenium-chrome-driver/3.141.59/selenium-chrome-driver-3.141.59.jar:/Users/manojpadhan/.m2/repository/org/seleniumhq/selenium/selenium-edge-driver/3.141.59/selenium-edge-driver-3.141.59.jar:/Users/manojpadhan/.m2/repository/org/seleniumhq/selenium/selenium-firefox-driver/3.141.59/selenium-firefox-driver-3.141.59.jar:/Users/manojpadhan/.m2/repository/org/seleniumhq/selenium/selenium-ie-driver/3.141.59/selenium-ie-driver-3.141.59.jar:/Users/manojpadhan/.m2/repository/org/seleniumhq/selenium/selenium-opera-driver/3.141.59/selenium-opera-driver-3.141.59.jar:/Users/manojpadhan/.m2/repository/org/seleniumhq/selenium/selenium-remote-driver/3.141.59/selenium-remote-driver-3.141.59.jar:/Users/manojpadhan/.m2/repository/org/seleniumhq/selenium/selenium-safari-driver/3.141.59/selenium-safari-driver-3.141.59.jar:/Users/manojpadhan/.m2/repository/org/seleniumhq/selenium/selenium-support/3.141.59/selenium-support-3.141.59.jar:/Users/manojpadhan/.m2/repository/net/bytebuddy/byte-buddy/1.8.15/byte-buddy-1.8.15.jar:/Users/manojpadhan/.m2/repository/org/apache/commons/commons-exec/1.3/commons-exec-1.3.jar:/Users/manojpadhan/.m2/repository/com/google/guava/guava/25.0-jre/guava-25.0-jre.jar:/Users/manojpadhan/.m2/repository/com/google/code/findbugs/jsr305/1.3.9/jsr305-1.3.9.jar:/Users/manojpadhan/.m2/repository/org/checkerframework/checker-compat-qual/2.0.0/checker-compat-qual-2.0.0.jar:/Users/manojpadhan/.m2/repository/com/google/errorprone/error_prone_annotations/2.1.3/error_prone_annotations-2.1.3.jar:/Users/manojpadhan/.m2/repository/com/google/j2objc/j2objc-annotations/1.1/j2objc-annotations-1.1.jar:/Users/manojpadhan/.m2/repository/org/codehaus/mojo/animal-sniffer-annotations/1.14/animal-sniffer-annotations-1.14.jar:/Users/manojpadhan/.m2/repository/com/squareup/okhttp3/okhttp/3.11.0/okhttp-3.11.0.jar:/Users/manojpadhan/.m2/repository/com/squareup/okio/okio/1.14.0/okio-1.14.0.jar:/Users/manojpadhan/.m2/repository/com/aventstack/extentreports/5.0.4/extentreports-5.0.4.jar:/Users/manojpadhan/.m2/repository/io/reactivex/rxjava3/rxjava/3.0.4/rxjava-3.0.4.jar:/Users/manojpadhan/.m2/repository/org/reactivestreams/reactive-streams/1.0.3/reactive-streams-1.0.3.jar:/Users/manojpadhan/.m2/repository/org/freemarker/freemarker/2.3.30/freemarker-2.3.30.jar:/Users/manojpadhan/.m2/repository/org/projectlombok/lombok/1.18.12/lombok-1.18.12.jar:/Users/manojpadhan/.m2/repository/com/google/code/gson/gson/2.8.6/gson-2.8.6.jar:"/>
    <property name="sun.cpu.endian" value="little"/>
    <property name="user.home" value="/Users/manojpadhan"/>
    <property name="user.language" value="en"/>
    <property name="java.specification.vendor" value="Oracle Corporation"/>
    <property name="java.home" value="/Library/Java/JavaVirtualMachines/adoptopenjdk-8.jdk/Contents/Home/jre"/>
    <property name="basedir" value="/Users/manojpadhan/SeleniumAutomation/CucumberTest"/>
    <property name="file.separator" value="/"/>
    <property name="line.separator" value="&#10;"/>
    <property name="java.vm.specification.vendor" value="Oracle Corporation"/>
    <property name="java.specification.name" value="Java Platform API Specification"/>
    <property name="java.awt.graphicsenv" value="sun.awt.CGraphicsEnvironment"/>
    <property name="surefire.real.class.path" value="/Users/manojpadhan/SeleniumAutomation/CucumberTest/target/surefire/surefirebooter1827825265906766488.jar"/>
    <property name="sun.boot.class.path" value="/Library/Java/JavaVirtualMachines/adoptopenjdk-8.jdk/Contents/Home/jre/lib/resources.jar:/Library/Java/JavaVirtualMachines/adoptopenjdk-8.jdk/Contents/Home/jre/lib/rt.jar:/Library/Java/JavaVirtualMachines/adoptopenjdk-8.jdk/Contents/Home/jre/lib/sunrsasign.jar:/Library/Java/JavaVirtualMachines/adoptopenjdk-8.jdk/Contents/Home/jre/lib/jsse.jar:/Library/Java/JavaVirtualMachines/adoptopenjdk-8.jdk/Contents/Home/jre/lib/jce.jar:/Library/Java/JavaVirtualMachines/adoptopenjdk-8.jdk/Contents/Home/jre/lib/charsets.jar:/Library/Java/JavaVirtualMachines/adoptopenjdk-8.jdk/Contents/Home/jre/lib/jfr.jar:/Library/Java/JavaVirtualMachines/adoptopenjdk-8.jdk/Contents/Home/jre/classes"/>
    <property name="sun.management.compiler" value="HotSpot 64-Bit Tiered Compilers"/>
    <property name="java.runtime.version" value="1.8.0_265-b01"/>
    <property name="user.name" value="manojpadhan"/>
    <property name="path.separator" value=":"/>
    <property name="os.version" value="10.16"/>
    <property name="java.endorsed.dirs" value="/Library/Java/JavaVirtualMachines/adoptopenjdk-8.jdk/Contents/Home/jre/lib/endorsed"/>
    <property name="java.runtime.name" value="OpenJDK Runtime Environment"/>
    <property name="file.encoding" value="UTF-8"/>
    <property name="java.vm.name" value="OpenJDK 64-Bit Server VM"/>
    <property name="localRepository" value="/Users/manojpadhan/.m2/repository"/>
    <property name="java.vendor.url.bug" value="http://bugreport.sun.com/bugreport/"/>
    <property name="java.io.tmpdir" value="/var/folders/_s/v6ss9qn523qfs6bdvnnqs5kw0000gn/T/"/>
    <property name="java.version" value="1.8.0_265"/>
    <property name="user.dir" value="/Users/manojpadhan/SeleniumAutomation/CucumberTest"/>
    <property name="os.arch" value="x86_64"/>
    <property name="java.vm.specification.name" value="Java Virtual Machine Specification"/>
    <property name="java.awt.printerjob" value="sun.lwawt.macosx.CPrinterJob"/>
    <property name="sun.os.patch.level" value="unknown"/>
    <property name="java.library.path" value="/Users/manojpadhan/Library/Java/Extensions:/Library/Java/Extensions:/Network/Library/Java/Extensions:/System/Library/Java/Extensions:/usr/lib/java:."/>
    <property name="java.vm.info" value="mixed mode"/>
    <property name="java.vendor" value="AdoptOpenJDK"/>
    <property name="java.vm.version" value="25.265-b01"/>
    <property name="java.ext.dirs" value="/Users/manojpadhan/Library/Java/Extensions:/Library/Java/JavaVirtualMachines/adoptopenjdk-8.jdk/Contents/Home/jre/lib/ext:/Library/Java/Extensions:/Network/Library/Java/Extensions:/System/Library/Java/Extensions:/usr/lib/java"/>
    <property name="sun.io.unicode.encoding" value="UnicodeBig"/>
    <property name="java.class.version" value="52.0"/>
  </properties>
  <testcase name="runScenario" classname="anz.runner.RunnerTest" time="23.055"/>
</testsuite>