<?xml version="1.0" encoding="UTF-8"?>
<!-- Generated by org.testng.reporters.JUnitReportReporter -->
<testsuite skipped="0" hostname="Manojs-MacBook-Air.local" name="anz.runner.RunnerTest" tests="1" failures="0" timestamp="2022-01-25T10:27:02 IST" time="23.051" errors="0">
  <testcase name="runScenario" time="23.051" classname="anz.runner.RunnerTest"/>
  <system-out/>
</testsuite> <!-- anz.runner.RunnerTest -->
